[17/11/30 13:20:54,471] --> Starting Robot Server
[17/11/30 13:20:54,476] --> Free memory 1789 Mb of 1797 Mb
[17/11/30 13:20:55,072] --> Begin to initialize Globals
[17/11/30 13:20:55,092] --> Globals initialized
[17/11/30 13:20:55,092] --> Begin to start Globals
[17/11/30 13:26:31,439] --> Starting Robot Server
[17/11/30 13:26:31,442] --> Free memory 1789 Mb of 1797 Mb
[17/11/30 13:26:31,944] --> Begin to initialize Globals
[17/11/30 13:26:31,956] --> Globals initialized
[17/11/30 13:26:31,956] --> Begin to start Globals
[17/11/30 14:15:52,874] --> Starting Robot Server
[17/11/30 14:15:52,874] --> Free memory 1789 Mb of 1797 Mb
[17/11/30 14:15:53,342] --> Begin to initialize Globals
[17/11/30 14:15:53,358] --> Globals initialized
[17/11/30 14:15:53,358] --> Begin to start Globals
[17/11/30 14:17:24,392] --> Starting Robot Server
[17/11/30 14:17:24,392] --> Free memory 1789 Mb of 1797 Mb
[17/11/30 14:17:24,783] --> Begin to initialize Globals
[17/11/30 14:17:24,799] --> Globals initialized
[17/11/30 14:17:24,799] --> Begin to start Globals
[17/11/30 14:19:31,409] --> Starting Robot Server
[17/11/30 14:19:31,409] --> Free memory 1789 Mb of 1797 Mb
[17/11/30 14:19:31,799] --> Begin to initialize Globals
[17/11/30 14:19:31,799] --> Globals initialized
[17/11/30 14:19:31,799] --> Begin to start Globals
